------------------
2017/12/16_00:05:29
Memory check
Running memsweep benchmark
Memsweep time in seconds: 27.773
##################
2017/12/16_04:07:32
Memory check
Running memsweep benchmark
Memsweep time in seconds: 25.563
##################
------------------
2017/12/16_08:05:27
Memory check
Running memsweep benchmark
Memsweep time in seconds: 25.310
##################
 ------------------
2017/12/16_12:05:28
Memory check
Running memsweep benchmark
Memsweep time in seconds: 27.200
##################
2017/12/16_16:07:18
Memory check
Running memsweep benchmark
Memsweep time in seconds: 25.471
##################
------------------
2017/12/16_20:05:32
Memory check
Running memsweep benchmark
Memsweep time in seconds: 26.228
##################
 ------------------
2017/12/17_00:05:36
Memory check
Running memsweep benchmark
Memsweep time in seconds: 28.019
##################
 ------------------
2017/12/17_04:05:31
Memory check
Running memsweep benchmark
Memsweep time in seconds: 26.435
##################
2017/12/17_08:06:48
Memory check
Running memsweep benchmark
Memsweep time in seconds: 25.809
##################
 ------------------
2017/12/17_12:05:36
Memory check
Running memsweep benchmark
Memsweep time in seconds: 27.143
##################
 
2017/12/17_16:06:04
Memory check
Running memsweep benchmark
Memsweep time in seconds: 27.618
##################
 2017/12/17_20:06:56
Memory check
Running memsweep benchmark
Memsweep time in seconds: 27.777
##################
 